<?xml version="1.0" encoding="UTF-8"?>
<!-- Generated by org.testng.reporters.JUnitReportReporter -->
<testsuite hostname="VenWin7" name="test.RoseUnit1" tests="3" failures="0" timestamp="16 Jan 2015 08:47:34 GMT" time="12.977" errors="0">
  <testcase name="validateURL" time="4.273" classname="test.RoseUnit1"/>
  <testcase name="memWord" time="5.615" classname="test.RoseUnit1"/>
  <testcase name="loginToRose" time="3.089" classname="test.RoseUnit1"/>
</testsuite> <!-- test.RoseUnit1 -->
