<?xml version="1.0" encoding="UTF-8"?>
<!-- Generated by org.testng.reporters.JUnitReportReporter -->
<testsuite hostname="VenWin7" name="test.java.RoseUnit1" tests="3" failures="0" timestamp="16 Jan 2015 10:02:51 GMT" time="124.943" errors="0">
  <testcase name="validateURL" time="4.022" classname="test.java.RoseUnit1"/>
  <testcase name="memWord" time="117.834" classname="test.java.RoseUnit1"/>
  <testcase name="loginToRose" time="3.087" classname="test.java.RoseUnit1"/>
</testsuite> <!-- test.java.RoseUnit1 -->
