<?xml version="1.0" encoding="UTF-8"?>
<!-- Generated by org.testng.reporters.JUnitReportReporter -->
<testsuite hostname="VenWin7" name="test.java.RoseUnit1" tests="3" failures="0" timestamp="16 Jan 2015 09:07:07 GMT" time="12.427" errors="0">
  <testcase name="validateURL" time="3.933" classname="test.java.RoseUnit1"/>
  <testcase name="memWord" time="5.442" classname="test.java.RoseUnit1"/>
  <testcase name="loginToRose" time="3.052" classname="test.java.RoseUnit1"/>
</testsuite> <!-- test.java.RoseUnit1 -->
