<?xml version="1.0" encoding="UTF-8"?>
<!-- Generated by org.testng.reporters.JUnitReportReporter -->
<testsuite hostname="VenWin7" name="test.java.NewTest" tests="1" failures="0" timestamp="24 Dec 2014 04:39:26 GMT" time="5.058" errors="0">
  <testcase name="f" time="5.058" classname="test.java.NewTest"/>
</testsuite> <!-- test.java.NewTest -->
